Flutter crash report.
Please report a bug at https://github.com/flutter/flutter/issues.

## command

flutter run

## exception

ExistingDartDevelopmentServiceException: DartDevelopmentServiceException: JSON-RPC error 100: Existing VM service clients prevent DDS from taking control.

```
```

## flutter doctor

```
[32m[✓][39m Flutter (Channel stable, 3.35.1, on Microsoft Windows [Version 10.0.26100.4946], locale ko-KR) [380ms]
    [32m•[39m Flutter version 3.35.1 on channel stable at C:\src\flutter
    [32m•[39m Upstream repository https://github.com/flutter/flutter.git
    [32m•[39m Framework revision 20f8274939 (12 days ago), 2025-08-14 10:53:09 -0700
    [32m•[39m Engine revision 1e9a811bf8
    [32m•[39m Dart version 3.9.0
    [32m•[39m DevTools version 2.48.0
    [32m•[39m Feature flags: enable-web, enable-linux-desktop, enable-macos-desktop, enable-windows-desktop,
      enable-android, enable-ios, cli-animations, enable-lldb-debugging

[32m[✓][39m Windows Version (11 Pro 64-bit, 24H2, 2009) [1,134ms]

[33m[!][39m Android toolchain - develop for Android devices (Android SDK version 36.1.0-rc1) [3.8s]
    [32m•[39m Android SDK at C:\Users\230027\AppData\Local\Android\sdk
    [32m•[39m Emulator version 36.1.9.0 (build_id 13823996) (CL:N/A)
    [31m✗[39m cmdline-tools component is missing.
      Try installing or updating Android Studio.
      Alternatively, download the tools from https://developer.android.com/studio#command-line-tools-only and
      make sure to set the ANDROID_HOME environment variable.
      See https://developer.android.com/studio/command-line for more details.
    [31m✗[39m Android license status unknown.
      Run `flutter doctor --android-licenses` to accept the SDK licenses.
      See https://flutter.dev/to/windows-android-setup for more details.

[32m[✓][39m Chrome - develop for the web [109ms]
    [32m•[39m Chrome at C:\Program Files\Google\Chrome\Application\chrome.exe

[32m[✓][39m Visual Studio - develop Windows apps (Visual Studio Community 2022 17.14.11) [108ms]
    [32m•[39m Visual Studio at C:\Program Files\Microsoft Visual Studio\2022\Community
    [32m•[39m Visual Studio Community 2022 version 17.14.36401.2
    [32m•[39m Windows 10 SDK version 10.0.26100.0

[32m[✓][39m Android Studio (version 2025.1.2) [7ms]
    [32m•[39m Android Studio at C:\Program Files\Android\Android Studio
    [32m•[39m Flutter plugin can be installed from:
      🔨 https://plugins.jetbrains.com/plugin/9212-flutter
    [32m•[39m Dart plugin can be installed from:
      🔨 https://plugins.jetbrains.com/plugin/6351-dart
    [32m•[39m Java version OpenJDK Runtime Environment (build 21.0.6+-13391695-b895.109)

[32m[✓][39m VS Code (version 1.103.2) [5ms]
    [32m•[39m VS Code at C:\Users\230027\AppData\Local\Programs\Microsoft VS Code
    [32m•[39m Flutter extension version 3.116.0

[32m[✓][39m Connected device (3 available) [166ms]
    [32m•[39m Windows (desktop) • windows • windows-x64    • Microsoft Windows [Version 10.0.26100.4946]
    [32m•[39m Chrome (web)      • chrome  • web-javascript • Google Chrome 139.0.7258.128
    [32m•[39m Edge (web)        • edge    • web-javascript • Microsoft Edge 139.0.3405.111
    [33m![39m Device 181846V01506798 is not authorized.
      You might need to check your device for an authorization dialog.

[32m[✓][39m Network resources [1,860ms]
    [32m•[39m All expected network resources are available.

[33m![39m Doctor found issues in 1 category.
```
